TN:
SF:/Users/Matthieu/Workspace/camp2_exercises/06_react_redux/01_es6_fundamentals/01_aquarium/01_aquarium.js
FN:2,(anonymous_0)
FN:7,(anonymous_1)
FN:11,(anonymous_2)
FN:15,(anonymous_3)
FN:18,(anonymous_4)
FN:23,(anonymous_5)
FN:34,(anonymous_6)
FN:46,(anonymous_7)
FN:55,(anonymous_8)
FNF:9
FNH:9
FNDA:4,(anonymous_0)
FNDA:1,(anonymous_1)
FNDA:1,(anonymous_2)
FNDA:1,(anonymous_3)
FNDA:2,(anonymous_4)
FNDA:2,(anonymous_5)
FNDA:1,(anonymous_6)
FNDA:5,(anonymous_7)
FNDA:3,(anonymous_8)
DA:3,4
DA:4,4
DA:8,1
DA:12,1
DA:16,1
DA:18,1
DA:19,2
DA:20,2
DA:23,1
DA:24,2
DA:25,1
DA:27,1
DA:35,1
DA:36,1
DA:47,5
DA:48,5
DA:49,5
DA:56,3
DA:64,1
LF:19
LH:19
BRDA:24,0,0,1
BRDA:24,0,1,1
BRF:2
BRH:2
end_of_record
